# JRE version: OpenJDK Runtime Environment (8.0_212) (build 1.8.0_212-release-1586-b4-5784211)
# Java VM: OpenJDK 64-Bit Server VM (25.212-b4-5784211 mixed mode bsd-amd64 compressed oops)
Heap:
 PSYoungGen      total 423424K, used 391680K [0x00000007a0000000, 0x00000007be100000, 0x00000007c0000000)
  eden space 391680K, 100% used [0x00000007a0000000,0x00000007b7e80000,0x00000007b7e80000)
  from space 31744K, 0% used [0x00000007b7e80000,0x00000007b7e80000,0x00000007b9d80000)
  to   space 33792K, 58% used [0x00000007bc000000,0x00000007bd370010,0x00000007be100000)
 ParOldGen       total 125952K, used 48283K [0x0000000760000000, 0x0000000767b00000, 0x00000007a0000000)
  object space 125952K, 38% used [0x0000000760000000,0x0000000762f26c08,0x0000000767b00000)
 Metaspace       used 103070K, capacity 107800K, committed 108288K, reserved 1142784K
  class space    used 13516K, capacity 14443K, committed 14592K, reserved 1048576K
GC Heap History (10 events):
Event: 96.021 GC heap after
Heap after GC invocations=25 (full 3):
 PSYoungGen      total 376832K, used 23025K [0x00000007a0000000, 0x00000007b9200000, 0x00000007c0000000)
  eden space 345088K, 0% used [0x00000007a0000000,0x00000007a0000000,0x00000007b5100000)
  from space 31744K, 72% used [0x00000007b7180000,0x00000007b87fc770,0x00000007b9080000)
  to   space 33280K, 0% used [0x00000007b5100000,0x00000007b5100000,0x00000007b7180000)
 ParOldGen       total 88576K, used 55947K [0x0000000760000000, 0x0000000765680000, 0x00000007a0000000)
  object space 88576K, 63% used [0x0000000760000000,0x00000007636a2f80,0x0000000765680000)
 Metaspace       used 81873K, capacity 86160K, committed 86272K, reserved 1124352K
  class space    used 10865K, capacity 11734K, committed 11776K, reserved 1048576K
}
Event: 98.368 GC heap before
{Heap before GC invocations=26 (full 3):
 PSYoungGen      total 376832K, used 368113K [0x00000007a0000000, 0x00000007b9200000, 0x00000007c0000000)
  eden space 345088K, 100% used [0x00000007a0000000,0x00000007b5100000,0x00000007b5100000)
  from space 31744K, 72% used [0x00000007b7180000,0x00000007b87fc770,0x00000007b9080000)
  to   space 33280K, 0% used [0x00000007b5100000,0x00000007b5100000,0x00000007b7180000)
 ParOldGen       total 88576K, used 55947K [0x0000000760000000, 0x0000000765680000, 0x00000007a0000000)
  object space 88576K, 63% used [0x0000000760000000,0x00000007636a2f80,0x0000000765680000)
 Metaspace       used 81935K, capacity 86232K, committed 86528K, reserved 1124352K
  class space    used 10865K, capacity 11734K, committed 11776K, reserved 1048576K
Event: 98.439 GC heap after
Heap after GC invocations=26 (full 3):
 PSYoungGen      total 378368K, used 19390K [0x00000007a0000000, 0x00000007bc400000, 0x00000007c0000000)
  eden space 345088K, 0% used [0x00000007a0000000,0x00000007a0000000,0x00000007b5100000)
  from space 33280K, 58% used [0x00000007b5100000,0x00000007b63efbe0,0x00000007b7180000)
  to   space 32768K, 0% used [0x00000007ba400000,0x00000007ba400000,0x00000007bc400000)
 ParOldGen       total 88576K, used 55955K [0x0000000760000000, 0x0000000765680000, 0x00000007a0000000)
  object space 88576K, 63% used [0x0000000760000000,0x00000007636a4f80,0x0000000765680000)
 Metaspace       used 81935K, capacity 86232K, committed 86528K, reserved 1124352K
  class space    used 10865K, capacity 11734K, committed 11776K, reserved 1048576K
}
Event: 102.485 GC heap before
{Heap before GC invocations=27 (full 3):
 PSYoungGen      total 378368K, used 364478K [0x00000007a0000000, 0x00000007bc400000, 0x00000007c0000000)
  eden space 345088K, 100% used [0x00000007a0000000,0x00000007b5100000,0x00000007b5100000)
  from space 33280K, 58% used [0x00000007b5100000,0x00000007b63efbe0,0x00000007b7180000)
  to   space 32768K, 0% used [0x00000007ba400000,0x00000007ba400000,0x00000007bc400000)
 ParOldGen       total 88576K, used 55955K [0x0000000760000000, 0x0000000765680000, 0x00000007a0000000)
  object space 88576K, 63% used [0x0000000760000000,0x00000007636a4f80,0x0000000765680000)
 Metaspace       used 82030K, capacity 86300K, committed 86528K, reserved 1124352K
  class space    used 10865K, capacity 11734K, committed 11776K, reserved 1048576K
Event: 102.522 GC heap after
Heap after GC invocations=27 (full 3):
 PSYoungGen      total 416768K, used 13542K [0x00000007a0000000, 0x00000007bbc80000, 0x00000007c0000000)
  eden space 391680K, 0% used [0x00000007a0000000,0x00000007a0000000,0x00000007b7e80000)
  from space 25088K, 53% used [0x00000007ba400000,0x00000007bb139990,0x00000007bbc80000)
  to   space 31744K, 0% used [0x00000007b7e80000,0x00000007b7e80000,0x00000007b9d80000)
 ParOldGen       total 88576K, used 55955K [0x0000000760000000, 0x0000000765680000, 0x00000007a0000000)
  object space 88576K, 63% used [0x0000000760000000,0x00000007636a4f80,0x0000000765680000)
 Metaspace       used 82030K, capacity 86300K, committed 86528K, reserved 1124352K
  class space    used 10865K, capacity 11734K, committed 11776K, reserved 1048576K
}
Event: 2021.696 GC heap before
{Heap before GC invocations=28 (full 3):
 PSYoungGen      total 416768K, used 237788K [0x00000007a0000000, 0x00000007bbc80000, 0x00000007c0000000)
  eden space 391680K, 57% used [0x00000007a0000000,0x00000007adafd770,0x00000007b7e80000)
  from space 25088K, 53% used [0x00000007ba400000,0x00000007bb139990,0x00000007bbc80000)
  to   space 31744K, 0% used [0x00000007b7e80000,0x00000007b7e80000,0x00000007b9d80000)
 ParOldGen       total 88576K, used 55955K [0x0000000760000000, 0x0000000765680000, 0x00000007a0000000)
  object space 88576K, 63% used [0x0000000760000000,0x00000007636a4f80,0x0000000765680000)
 Metaspace       used 93788K, capacity 98514K, committed 98560K, reserved 1134592K
  class space    used 12362K, capacity 13298K, committed 13312K, reserved 1048576K
Event: 2023.447 GC heap after
Heap after GC invocations=28 (full 3):
 PSYoungGen      total 423424K, used 26256K [0x00000007a0000000, 0x00000007be100000, 0x00000007c0000000)
  eden space 391680K, 0% used [0x00000007a0000000,0x00000007a0000000,0x00000007b7e80000)
  from space 31744K, 82% used [0x00000007b7e80000,0x00000007b9824210,0x00000007b9d80000)
  to   space 33792K, 0% used [0x00000007bc000000,0x00000007bc000000,0x00000007be100000)
 ParOldGen       total 88576K, used 55971K [0x0000000760000000, 0x0000000765680000, 0x00000007a0000000)
  object space 88576K, 63% used [0x0000000760000000,0x00000007636a8f80,0x0000000765680000)
 Metaspace       used 93788K, capacity 98514K, committed 98560K, reserved 1134592K
  class space    used 12362K, capacity 13298K, committed 13312K, reserved 1048576K
}
Event: 2023.447 GC heap before
{Heap before GC invocations=29 (full 4):
 PSYoungGen      total 423424K, used 26256K [0x00000007a0000000, 0x00000007be100000, 0x00000007c0000000)
  eden space 391680K, 0% used [0x00000007a0000000,0x00000007a0000000,0x00000007b7e80000)
  from space 31744K, 82% used [0x00000007b7e80000,0x00000007b9824210,0x00000007b9d80000)
  to   space 33792K, 0% used [0x00000007bc000000,0x00000007bc000000,0x00000007be100000)
 ParOldGen       total 88576K, used 55971K [0x0000000760000000, 0x0000000765680000, 0x00000007a0000000)
  object space 88576K, 63% used [0x0000000760000000,0x00000007636a8f80,0x0000000765680000)
 Metaspace       used 93788K, capacity 98514K, committed 98560K, reserved 1134592K
  class space    used 12362K, capacity 13298K, committed 13312K, reserved 1048576K
Event: 2031.087 GC heap after
Heap after GC invocations=29 (full 4):
 PSYoungGen      total 423424K, used 0K [0x00000007a0000000, 0x00000007be100000, 0x00000007c0000000)
  eden space 391680K, 0% used [0x00000007a0000000,0x00000007a0000000,0x00000007b7e80000)
  from space 31744K, 0% used [0x00000007b7e80000,0x00000007b7e80000,0x00000007b9d80000)
  to   space 33792K, 0% used [0x00000007bc000000,0x00000007bc000000,0x00000007be100000)
 ParOldGen       total 125952K, used 48283K [0x0000000760000000, 0x0000000767b00000, 0x00000007a0000000)
  object space 125952K, 38% used [0x0000000760000000,0x0000000762f26c08,0x0000000767b00000)
 Metaspace       used 91302K, capacity 94726K, committed 98560K, reserved 1134592K
  class space    used 11952K, capacity 12613K, committed 13312K, reserved 1048576K
}
Event: 2571.965 GC heap before
{Heap before GC invocations=30 (full 4):
 PSYoungGen      total 423424K, used 391680K [0x00000007a0000000, 0x00000007be100000, 0x00000007c0000000)
  eden space 391680K, 100% used [0x00000007a0000000,0x00000007b7e80000,0x00000007b7e80000)
  from space 31744K, 0% used [0x00000007b7e80000,0x00000007b7e80000,0x00000007b9d80000)
  to   space 33792K, 0% used [0x00000007bc000000,0x00000007bc000000,0x00000007be100000)
 ParOldGen       total 125952K, used 48283K [0x0000000760000000, 0x0000000767b00000, 0x00000007a0000000)
  object space 125952K, 38% used [0x0000000760000000,0x0000000762f26c08,0x0000000767b00000)
 Metaspace       used 103070K, capacity 107800K, committed 108288K, reserved 1142784K
  class space    used 13516K, capacity 14443K, committed 14592K, reserved 1048576K

