# JRE version: OpenJDK Runtime Environment (8.0_212) (build 1.8.0_212-release-1586-b4-5784211)
# Java VM: OpenJDK 64-Bit Server VM (25.212-b4-5784211 mixed mode bsd-amd64 compressed oops)
Heap:
 PSYoungGen      total 338944K, used 261225K [0x00000007a0000000, 0x00000007b8f80000, 0x00000007c0000000)
  eden space 303104K, 74% used [0x00000007a0000000,0x00000007adc4fda8,0x00000007b2800000)
  from space 35840K, 99% used [0x00000007b2800000,0x00000007b4aca7f8,0x00000007b4b00000)
  to   space 40960K, 0% used [0x00000007b6780000,0x00000007b6780000,0x00000007b8f80000)
 ParOldGen       total 139776K, used 58597K [0x0000000760000000, 0x0000000768880000, 0x00000007a0000000)
  object space 139776K, 41% used [0x0000000760000000,0x0000000763939748,0x0000000768880000)
 Metaspace       used 100859K, capacity 106060K, committed 106240K, reserved 1140736K
  class space    used 13037K, capacity 14031K, committed 14080K, reserved 1048576K
GC Heap History (10 events):
Event: 3040.715 GC heap before
{Heap before GC invocations=23 (full 4):
 PSYoungGen      total 283648K, used 270038K [0x00000007a0000000, 0x00000007b4c00000, 0x00000007c0000000)
  eden space 242176K, 100% used [0x00000007a0000000,0x00000007aec80000,0x00000007aec80000)
  from space 41472K, 67% used [0x00000007b1680000,0x00000007b31b58e0,0x00000007b3f00000)
  to   space 43008K, 0% used [0x00000007aec80000,0x00000007aec80000,0x00000007b1680000)
 ParOldGen       total 139776K, used 58549K [0x0000000760000000, 0x0000000768880000, 0x00000007a0000000)
  object space 139776K, 41% used [0x0000000760000000,0x000000076392d748,0x0000000768880000)
 Metaspace       used 98121K, capacity 102272K, committed 102912K, reserved 1138688K
  class space    used 12852K, capacity 13692K, committed 13824K, reserved 1048576K
Event: 3041.582 GC heap after
Heap after GC invocations=23 (full 4):
 PSYoungGen      total 285184K, used 13943K [0x00000007a0000000, 0x00000007b6300000, 0x00000007c0000000)
  eden space 242176K, 0% used [0x00000007a0000000,0x00000007a0000000,0x00000007aec80000)
  from space 43008K, 32% used [0x00000007aec80000,0x00000007afa1de28,0x00000007b1680000)
  to   space 41472K, 0% used [0x00000007b3a80000,0x00000007b3a80000,0x00000007b6300000)
 ParOldGen       total 139776K, used 58565K [0x0000000760000000, 0x0000000768880000, 0x00000007a0000000)
  object space 139776K, 41% used [0x0000000760000000,0x0000000763931748,0x0000000768880000)
 Metaspace       used 98121K, capacity 102272K, committed 102912K, reserved 1138688K
  class space    used 12852K, capacity 13692K, committed 13824K, reserved 1048576K
}
Event: 3096.899 GC heap before
{Heap before GC invocations=24 (full 4):
 PSYoungGen      total 285184K, used 256119K [0x00000007a0000000, 0x00000007b6300000, 0x00000007c0000000)
  eden space 242176K, 100% used [0x00000007a0000000,0x00000007aec80000,0x00000007aec80000)
  from space 43008K, 32% used [0x00000007aec80000,0x00000007afa1de28,0x00000007b1680000)
  to   space 41472K, 0% used [0x00000007b3a80000,0x00000007b3a80000,0x00000007b6300000)
 ParOldGen       total 139776K, used 58565K [0x0000000760000000, 0x0000000768880000, 0x00000007a0000000)
  object space 139776K, 41% used [0x0000000760000000,0x0000000763931748,0x0000000768880000)
 Metaspace       used 98751K, capacity 103112K, committed 103552K, reserved 1138688K
  class space    used 12887K, capacity 13760K, committed 13952K, reserved 1048576K
Event: 3097.070 GC heap after
Heap after GC invocations=24 (full 4):
 PSYoungGen      total 308736K, used 18876K [0x00000007a0000000, 0x00000007b5a80000, 0x00000007c0000000)
  eden space 275968K, 0% used [0x00000007a0000000,0x00000007a0000000,0x00000007b0d80000)
  from space 32768K, 57% used [0x00000007b3a80000,0x00000007b4cef1d8,0x00000007b5a80000)
  to   space 39424K, 0% used [0x00000007b0d80000,0x00000007b0d80000,0x00000007b3400000)
 ParOldGen       total 139776K, used 58573K [0x0000000760000000, 0x0000000768880000, 0x00000007a0000000)
  object space 139776K, 41% used [0x0000000760000000,0x0000000763933748,0x0000000768880000)
 Metaspace       used 98751K, capacity 103112K, committed 103552K, reserved 1138688K
  class space    used 12887K, capacity 13760K, committed 13952K, reserved 1048576K
}
Event: 3291.024 GC heap before
{Heap before GC invocations=25 (full 4):
 PSYoungGen      total 308736K, used 294844K [0x00000007a0000000, 0x00000007b5a80000, 0x00000007c0000000)
  eden space 275968K, 100% used [0x00000007a0000000,0x00000007b0d80000,0x00000007b0d80000)
  from space 32768K, 57% used [0x00000007b3a80000,0x00000007b4cef1d8,0x00000007b5a80000)
  to   space 39424K, 0% used [0x00000007b0d80000,0x00000007b0d80000,0x00000007b3400000)
 ParOldGen       total 139776K, used 58573K [0x0000000760000000, 0x0000000768880000, 0x00000007a0000000)
  object space 139776K, 41% used [0x0000000760000000,0x0000000763933748,0x0000000768880000)
 Metaspace       used 99091K, capacity 103446K, committed 103808K, reserved 1138688K
  class space    used 12893K, capacity 13771K, committed 13952K, reserved 1048576K
Event: 3291.326 GC heap after
Heap after GC invocations=25 (full 4):
 PSYoungGen      total 315392K, used 16931K [0x00000007a0000000, 0x00000007b7600000, 0x00000007c0000000)
  eden space 275968K, 0% used [0x00000007a0000000,0x00000007a0000000,0x00000007b0d80000)
  from space 39424K, 42% used [0x00000007b0d80000,0x00000007b1e08de8,0x00000007b3400000)
  to   space 37376K, 0% used [0x00000007b5180000,0x00000007b5180000,0x00000007b7600000)
 ParOldGen       total 139776K, used 58581K [0x0000000760000000, 0x0000000768880000, 0x00000007a0000000)
  object space 139776K, 41% used [0x0000000760000000,0x0000000763935748,0x0000000768880000)
 Metaspace       used 99091K, capacity 103446K, committed 103808K, reserved 1138688K
  class space    used 12893K, capacity 13771K, committed 13952K, reserved 1048576K
}
Event: 3459.636 GC heap before
{Heap before GC invocations=26 (full 4):
 PSYoungGen      total 315392K, used 292899K [0x00000007a0000000, 0x00000007b7600000, 0x00000007c0000000)
  eden space 275968K, 100% used [0x00000007a0000000,0x00000007b0d80000,0x00000007b0d80000)
  from space 39424K, 42% used [0x00000007b0d80000,0x00000007b1e08de8,0x00000007b3400000)
  to   space 37376K, 0% used [0x00000007b5180000,0x00000007b5180000,0x00000007b7600000)
 ParOldGen       total 139776K, used 58581K [0x0000000760000000, 0x0000000768880000, 0x00000007a0000000)
  object space 139776K, 41% used [0x0000000760000000,0x0000000763935748,0x0000000768880000)
 Metaspace       used 99941K, capacity 104732K, committed 104832K, reserved 1140736K
  class space    used 12955K, capacity 13886K, committed 13952K, reserved 1048576K
Event: 3459.841 GC heap after
Heap after GC invocations=26 (full 4):
 PSYoungGen      total 332288K, used 14856K [0x00000007a0000000, 0x00000007b6e00000, 0x00000007c0000000)
  eden space 303104K, 0% used [0x00000007a0000000,0x00000007a0000000,0x00000007b2800000)
  from space 29184K, 50% used [0x00000007b5180000,0x00000007b6002330,0x00000007b6e00000)
  to   space 35840K, 0% used [0x00000007b2800000,0x00000007b2800000,0x00000007b4b00000)
 ParOldGen       total 139776K, used 58589K [0x0000000760000000, 0x0000000768880000, 0x00000007a0000000)
  object space 139776K, 41% used [0x0000000760000000,0x0000000763937748,0x0000000768880000)
 Metaspace       used 99941K, capacity 104732K, committed 104832K, reserved 1140736K
  class space    used 12955K, capacity 13886K, committed 13952K, reserved 1048576K
}
Event: 4184.548 GC heap before
{Heap before GC invocations=27 (full 4):
 PSYoungGen      total 332288K, used 317960K [0x00000007a0000000, 0x00000007b6e00000, 0x00000007c0000000)
  eden space 303104K, 100% used [0x00000007a0000000,0x00000007b2800000,0x00000007b2800000)
  from space 29184K, 50% used [0x00000007b5180000,0x00000007b6002330,0x00000007b6e00000)
  to   space 35840K, 0% used [0x00000007b2800000,0x00000007b2800000,0x00000007b4b00000)
 ParOldGen       total 139776K, used 58589K [0x0000000760000000, 0x0000000768880000, 0x00000007a0000000)
  object space 139776K, 41% used [0x0000000760000000,0x0000000763937748,0x0000000768880000)
 Metaspace       used 100569K, capacity 105724K, committed 105984K, reserved 1140736K
  class space    used 13016K, capacity 13996K, committed 14080K, reserved 1048576K
Event: 4184.992 GC heap after
Heap after GC invocations=27 (full 4):
 PSYoungGen      total 338944K, used 35625K [0x00000007a0000000, 0x00000007b8f80000, 0x00000007c0000000)
  eden space 303104K, 0% used [0x00000007a0000000,0x00000007a0000000,0x00000007b2800000)
  from space 35840K, 99% used [0x00000007b2800000,0x00000007b4aca7f8,0x00000007b4b00000)
  to   space 40960K, 0% used [0x00000007b6780000,0x00000007b6780000,0x00000007b8f80000)
 ParOldGen       total 139776K, used 58597K [0x0000000760000000, 0x0000000768880000, 0x00000007a0000000)
  object space 139776K, 41% used [0x0000000760000000,0x0000000763939748,0x0000000768880000)
 Metaspace       used 100569K, capacity 105724K, committed 105984K, reserved 1140736K
  class space    used 13016K, capacity 13996K, committed 14080K, reserved 1048576K
}

